2023-03-01 14:45:58:984  [TID 10484   ][INFO      ] Default Logger initialized [dmvcframework]
2023-03-01 14:45:58:996  [TID 10484   ][INFO      ] ENTER: Config default values [dmvcframework]
2023-03-01 14:45:58:996  [TID 10484   ][INFO      ] EXIT: Config default values [dmvcframework]
2023-03-01 14:45:58:996  [TID 10484   ][INFO      ] >> Custom configuration method [dmvcframework]
2023-03-01 14:45:58:996  [TID 10484   ][INFO      ] << Custom configuration method [dmvcframework]
2023-03-01 14:45:58:996  [TID 10484   ][INFO      ] ENTER: LoadSystemControllers [dmvcframework]
2023-03-01 14:45:58:996  [TID 10484   ][INFO      ] EXIT: LoadSystemControllers [dmvcframework]
2023-03-01 14:46:01:686  [TID 10484   ][INFO      ] POST:/api/dogs/rate/QBvGwfKLW [127.0.0.1] -> Dog.Controller.TDogs.RateDog - 200 OK [dmvcframework]
2023-03-01 14:46:05:489  [TID 10484   ][INFO      ] POST:/api/dogs/ [127.0.0.1] -> {NOT FOUND} - 404 Not Found [dmvcframework]
2023-03-01 14:46:07:919  [TID 10484   ][ERROR     ] [EMVCException] Not Found [PathInfo "POST /api/dogs/"] (Custom message: "POST /api/dogs/") [dmvcframework]
2023-03-01 14:46:10:745  [TID 19144   ][INFO      ] POST:/api/dogs [127.0.0.1] -> {NOT FOUND} - 404 Not Found [dmvcframework]
2023-03-01 14:46:12:385  [TID 19144   ][ERROR     ] [EMVCException] Not Found [PathInfo "POST /api/dogs"] (Custom message: "POST /api/dogs") [dmvcframework]
2023-03-01 14:46:18:313  [TID 5284    ][INFO      ] POST:/api [127.0.0.1] -> {NOT FOUND} - 404 Not Found [dmvcframework]
2023-03-01 14:46:21:035  [TID 5284    ][ERROR     ] [EMVCException] Not Found [PathInfo "POST /api"] (Custom message: "POST /api") [dmvcframework]
2023-03-01 14:47:12:684  [TID 35088   ][INFO      ] Default Logger initialized [dmvcframework]
2023-03-01 14:47:12:684  [TID 35088   ][INFO      ] ENTER: Config default values [dmvcframework]
2023-03-01 14:47:12:684  [TID 35088   ][INFO      ] EXIT: Config default values [dmvcframework]
2023-03-01 14:47:12:684  [TID 35088   ][INFO      ] >> Custom configuration method [dmvcframework]
2023-03-01 14:47:12:684  [TID 35088   ][INFO      ] << Custom configuration method [dmvcframework]
2023-03-01 14:47:12:684  [TID 35088   ][INFO      ] ENTER: LoadSystemControllers [dmvcframework]
2023-03-01 14:47:12:684  [TID 35088   ][INFO      ] EXIT: LoadSystemControllers [dmvcframework]
2023-03-01 14:47:12:699  [TID 35088   ][INFO      ] POST:/api/dogs [127.0.0.1] -> {NOT FOUND} - 404 Not Found [dmvcframework]
2023-03-01 14:47:19:512  [TID 35088   ][ERROR     ] [EMVCException] Not Found [PathInfo "POST /api/dogs"] (Custom message: "POST /api/dogs") [dmvcframework]
2023-03-01 14:48:40:022  [TID 34724   ][INFO      ] Default Logger initialized [dmvcframework]
2023-03-01 14:48:40:022  [TID 34724   ][INFO      ] ENTER: Config default values [dmvcframework]
2023-03-01 14:48:40:022  [TID 34724   ][INFO      ] EXIT: Config default values [dmvcframework]
2023-03-01 14:48:40:022  [TID 34724   ][INFO      ] >> Custom configuration method [dmvcframework]
2023-03-01 14:48:40:022  [TID 34724   ][INFO      ] << Custom configuration method [dmvcframework]
2023-03-01 14:48:40:022  [TID 34724   ][INFO      ] ENTER: LoadSystemControllers [dmvcframework]
2023-03-01 14:48:40:022  [TID 34724   ][INFO      ] EXIT: LoadSystemControllers [dmvcframework]
2023-03-01 14:49:56:264  [TID 6584    ][INFO      ] Default Logger initialized [dmvcframework]
2023-03-01 14:49:56:264  [TID 6584    ][INFO      ] ENTER: Config default values [dmvcframework]
2023-03-01 14:49:56:264  [TID 6584    ][INFO      ] EXIT: Config default values [dmvcframework]
2023-03-01 14:49:56:264  [TID 6584    ][INFO      ] >> Custom configuration method [dmvcframework]
2023-03-01 14:49:56:264  [TID 6584    ][INFO      ] << Custom configuration method [dmvcframework]
2023-03-01 14:49:56:264  [TID 6584    ][INFO      ] ENTER: LoadSystemControllers [dmvcframework]
2023-03-01 14:49:56:264  [TID 6584    ][INFO      ] EXIT: LoadSystemControllers [dmvcframework]
2023-03-01 14:49:56:264  [TID 6584    ][INFO      ] POST:/api/dogs [127.0.0.1] -> {NOT FOUND} - 404 Not Found [dmvcframework]
2023-03-01 14:49:56:264  [TID 6584    ][ERROR     ] [EMVCException] Not Found [PathInfo "POST /api/dogs"] (Custom message: "POST /api/dogs") [dmvcframework]
2023-03-01 14:49:57:306  [TID 30712   ][INFO      ] POST:/api/dogs [127.0.0.1] -> {NOT FOUND} - 404 Not Found [dmvcframework]
2023-03-01 14:49:57:306  [TID 30712   ][ERROR     ] [EMVCException] Not Found [PathInfo "POST /api/dogs"] (Custom message: "POST /api/dogs") [dmvcframework]
2023-03-01 14:49:57:958  [TID 28576   ][INFO      ] POST:/api/dogs [127.0.0.1] -> {NOT FOUND} - 404 Not Found [dmvcframework]
2023-03-01 14:49:57:958  [TID 28576   ][ERROR     ] [EMVCException] Not Found [PathInfo "POST /api/dogs"] (Custom message: "POST /api/dogs") [dmvcframework]
2023-03-01 14:49:58:118  [TID 15828   ][INFO      ] POST:/api/dogs [127.0.0.1] -> {NOT FOUND} - 404 Not Found [dmvcframework]
2023-03-01 14:49:58:118  [TID 15828   ][ERROR     ] [EMVCException] Not Found [PathInfo "POST /api/dogs"] (Custom message: "POST /api/dogs") [dmvcframework]
2023-03-01 14:50:55:288  [TID 22476   ][INFO      ] Default Logger initialized [dmvcframework]
2023-03-01 14:50:55:304  [TID 22476   ][INFO      ] ENTER: Config default values [dmvcframework]
2023-03-01 14:50:55:304  [TID 22476   ][INFO      ] EXIT: Config default values [dmvcframework]
2023-03-01 14:50:55:304  [TID 22476   ][INFO      ] >> Custom configuration method [dmvcframework]
2023-03-01 14:50:55:304  [TID 22476   ][INFO      ] << Custom configuration method [dmvcframework]
2023-03-01 14:50:55:304  [TID 22476   ][INFO      ] ENTER: LoadSystemControllers [dmvcframework]
2023-03-01 14:50:55:304  [TID 22476   ][INFO      ] EXIT: LoadSystemControllers [dmvcframework]
2023-03-01 14:50:55:320  [TID 22476   ][INFO      ] POST:/api/dogs [127.0.0.1] -> {NOT FOUND} - 404 Not Found [dmvcframework]
2023-03-01 14:50:56:913  [TID 22476   ][ERROR     ] [EMVCException] Not Found [PathInfo "POST /api/dogs"] (Custom message: "POST /api/dogs") [dmvcframework]
2023-03-01 16:51:29:358  [TID 29212   ][INFO      ] Default Logger initialized [dmvcframework]
2023-03-01 16:51:29:370  [TID 29212   ][INFO      ] ENTER: Config default values [dmvcframework]
2023-03-01 16:51:29:370  [TID 29212   ][INFO      ] EXIT: Config default values [dmvcframework]
2023-03-01 16:51:29:370  [TID 29212   ][INFO      ] >> Custom configuration method [dmvcframework]
2023-03-01 16:51:29:370  [TID 29212   ][INFO      ] << Custom configuration method [dmvcframework]
2023-03-01 16:51:29:370  [TID 29212   ][INFO      ] ENTER: LoadSystemControllers [dmvcframework]
2023-03-01 16:51:29:370  [TID 29212   ][INFO      ] EXIT: LoadSystemControllers [dmvcframework]
2023-03-01 16:51:29:381  [TID 29212   ][INFO      ] POST:/api [127.0.0.1] -> {NOT FOUND} - 404 Not Found [dmvcframework]
2023-03-01 16:51:35:801  [TID 29212   ][ERROR     ] [EMVCException] Not Found [PathInfo "POST /api"] (Custom message: "POST /api") [dmvcframework]
2023-03-01 16:52:05:495  [TID 7312    ][INFO      ] Default Logger initialized [dmvcframework]
2023-03-01 16:52:05:506  [TID 7312    ][INFO      ] ENTER: Config default values [dmvcframework]
2023-03-01 16:52:05:506  [TID 7312    ][INFO      ] EXIT: Config default values [dmvcframework]
2023-03-01 16:52:05:506  [TID 7312    ][INFO      ] >> Custom configuration method [dmvcframework]
2023-03-01 16:52:05:506  [TID 7312    ][INFO      ] << Custom configuration method [dmvcframework]
2023-03-01 16:52:05:506  [TID 7312    ][INFO      ] ENTER: LoadSystemControllers [dmvcframework]
2023-03-01 16:52:05:506  [TID 7312    ][INFO      ] EXIT: LoadSystemControllers [dmvcframework]
2023-03-01 16:52:05:519  [TID 7312    ][INFO      ] POST:/api [127.0.0.1] -> {NOT FOUND} - 404 Not Found [dmvcframework]
2023-03-01 16:53:40:074  [TID 7312    ][ERROR     ] [EMVCException] Not Found [PathInfo "POST /api"] (Custom message: "POST /api") [dmvcframework]
2023-03-01 16:53:41:850  [TID 21436   ][INFO      ] ENTER: Config default values [dmvcframework]
2023-03-01 16:53:41:850  [TID 21436   ][INFO      ] EXIT: Config default values [dmvcframework]
2023-03-01 16:53:41:850  [TID 21436   ][INFO      ] >> Custom configuration method [dmvcframework]
2023-03-01 16:53:41:850  [TID 21436   ][INFO      ] << Custom configuration method [dmvcframework]
2023-03-01 16:53:41:850  [TID 21436   ][INFO      ] ENTER: LoadSystemControllers [dmvcframework]
2023-03-01 16:53:41:850  [TID 21436   ][INFO      ] EXIT: LoadSystemControllers [dmvcframework]
2023-03-01 16:53:42:491  [TID 21436   ][INFO      ] POST:/api [127.0.0.1] -> {NOT FOUND} - 404 Not Found [dmvcframework]
2023-03-01 16:53:52:630  [TID 21436   ][ERROR     ] [EMVCException] Not Found [PathInfo "POST /api"] (Custom message: "POST /api") [dmvcframework]
2023-03-01 16:53:58:755  [TID 16044   ][INFO      ] Default Logger initialized [dmvcframework]
2023-03-01 16:53:58:755  [TID 16044   ][INFO      ] ENTER: Config default values [dmvcframework]
2023-03-01 16:53:58:755  [TID 16044   ][INFO      ] EXIT: Config default values [dmvcframework]
2023-03-01 16:53:58:755  [TID 16044   ][INFO      ] >> Custom configuration method [dmvcframework]
2023-03-01 16:53:58:755  [TID 16044   ][INFO      ] << Custom configuration method [dmvcframework]
2023-03-01 16:53:58:755  [TID 16044   ][INFO      ] ENTER: LoadSystemControllers [dmvcframework]
2023-03-01 16:53:58:755  [TID 16044   ][INFO      ] EXIT: LoadSystemControllers [dmvcframework]
2023-03-01 16:53:58:771  [TID 16044   ][INFO      ] POST:/api [127.0.0.1] -> {NOT FOUND} - 404 Not Found [dmvcframework]
2023-03-01 16:54:00:364  [TID 16044   ][ERROR     ] [EMVCException] Not Found [PathInfo "POST /api"] (Custom message: "POST /api") [dmvcframework]
2023-03-02 10:54:48:372  [TID 16760   ][INFO      ] Default Logger initialized [dmvcframework]
2023-03-02 10:54:48:384  [TID 16760   ][INFO      ] ENTER: Config default values [dmvcframework]
2023-03-02 10:54:48:384  [TID 16760   ][INFO      ] EXIT: Config default values [dmvcframework]
2023-03-02 10:54:48:384  [TID 16760   ][INFO      ] >> Custom configuration method [dmvcframework]
2023-03-02 10:54:48:384  [TID 16760   ][INFO      ] << Custom configuration method [dmvcframework]
2023-03-02 10:54:48:384  [TID 16760   ][INFO      ] ENTER: LoadSystemControllers [dmvcframework]
2023-03-02 10:54:48:384  [TID 16760   ][INFO      ] EXIT: LoadSystemControllers [dmvcframework]
2023-03-02 10:54:48:395  [TID 16760   ][INFO      ] POST:/api [127.0.0.1] -> {NOT FOUND} - 404 Not Found [dmvcframework]
2023-03-02 10:54:50:676  [TID 16760   ][ERROR     ] [EMVCException] Not Found [PathInfo "POST /api"] (Custom message: "POST /api") [dmvcframework]
2023-03-02 10:55:19:361  [TID 18204   ][INFO      ] POST:/api [127.0.0.1] -> {NOT FOUND} - 404 Not Found [dmvcframework]
2023-03-02 10:55:21:736  [TID 18204   ][ERROR     ] [EMVCException] Not Found [PathInfo "POST /api"] (Custom message: "POST /api") [dmvcframework]
2023-03-02 10:56:52:076  [TID 26592   ][INFO      ] POST:/api [127.0.0.1] -> {NOT FOUND} - 404 Not Found [dmvcframework]
2023-03-02 10:58:12:357  [TID 26592   ][ERROR     ] [EMVCException] Not Found [PathInfo "POST /api"] (Custom message: "POST /api") [dmvcframework]
2023-03-02 10:58:19:819  [TID 9012    ][INFO      ] POST:/ [127.0.0.1] -> {NOT FOUND} - 404 Not Found [dmvcframework]
2023-03-02 10:58:33:150  [TID 9012    ][ERROR     ] [EMVCException] Not Found [PathInfo "POST /"] (Custom message: "POST /") [dmvcframework]
2023-03-02 10:58:33:167  [TID 15856   ][INFO      ] ENTER: Config default values [dmvcframework]
2023-03-02 10:58:33:167  [TID 15856   ][INFO      ] EXIT: Config default values [dmvcframework]
2023-03-02 10:58:33:167  [TID 15856   ][INFO      ] >> Custom configuration method [dmvcframework]
2023-03-02 10:58:33:167  [TID 15856   ][INFO      ] << Custom configuration method [dmvcframework]
2023-03-02 10:58:33:167  [TID 15856   ][INFO      ] ENTER: LoadSystemControllers [dmvcframework]
2023-03-02 10:58:33:167  [TID 15856   ][INFO      ] EXIT: LoadSystemControllers [dmvcframework]
2023-03-02 10:58:33:829  [TID 15856   ][INFO      ] GET:/api/dogs [127.0.0.1] -> Dog.Controller.TDogs.GetDogs - 201 Created [dmvcframework]
2023-03-02 10:58:38:670  [TID 15856   ][INFO      ] GET:/api/dogs [127.0.0.1] -> Dog.Controller.TDogs.GetDogs - 201 Created [dmvcframework]
2023-03-02 10:58:48:202  [TID 15856   ][INFO      ] GET:/api [127.0.0.1] -> Dog.Controller.TDogs.Index - 200 OK [dmvcframework]
2023-03-02 10:59:14:770  [TID 15856   ][INFO      ] GET:/api/dog [127.0.0.1] -> {NOT FOUND} - 404 Not Found [dmvcframework]
2023-03-02 10:59:16:614  [TID 15856   ][ERROR     ] [EMVCException] Not Found [PathInfo "GET /api/dog"] (Custom message: "GET /api/dog") [dmvcframework]
2023-03-02 10:59:42:051  [TID 14776   ][INFO      ] GET:/dogs [127.0.0.1] -> {NOT FOUND} - 404 Not Found [dmvcframework]
2023-03-02 10:59:43:776  [TID 14776   ][ERROR     ] [EMVCException] Not Found [PathInfo "GET /dogs"] (Custom message: "GET /dogs") [dmvcframework]
2023-03-02 10:59:55:095  [TID 7316    ][INFO      ] GET:/dogs [127.0.0.1] -> {NOT FOUND} - 404 Not Found [dmvcframework]
2023-03-02 10:59:56:387  [TID 7316    ][ERROR     ] [EMVCException] Not Found [PathInfo "GET /dogs"] (Custom message: "GET /dogs") [dmvcframework]
2023-03-02 11:00:05:611  [TID 22560   ][INFO      ] Default Logger initialized [dmvcframework]
2023-03-02 11:00:05:621  [TID 22560   ][INFO      ] ENTER: Config default values [dmvcframework]
2023-03-02 11:00:05:621  [TID 22560   ][INFO      ] EXIT: Config default values [dmvcframework]
2023-03-02 11:00:05:621  [TID 22560   ][INFO      ] >> Custom configuration method [dmvcframework]
2023-03-02 11:00:05:621  [TID 22560   ][INFO      ] << Custom configuration method [dmvcframework]
2023-03-02 11:00:05:621  [TID 22560   ][INFO      ] ENTER: LoadSystemControllers [dmvcframework]
2023-03-02 11:00:05:621  [TID 22560   ][INFO      ] EXIT: LoadSystemControllers [dmvcframework]
2023-03-02 11:00:13:402  [TID 22560   ][INFO      ] GET:/api/dogs [127.0.0.1] -> Dog.Controller.TDogs.GetDogs - 201 Created [dmvcframework]
2023-03-02 11:00:19:779  [TID 22560   ][INFO      ] GET:/api/dogs [127.0.0.1] -> Dog.Controller.TDogs.GetDogs - 201 Created [dmvcframework]
2023-03-02 11:00:35:605  [TID 22560   ][ERROR     ] [EInvalidPointer] Invalid pointer operation [PathInfo "GET /api/dogs/Yb4lkSFx9"] (Custom message: "Global Action Exception Handler") [dmvcframework]
2023-03-02 11:01:19:255  [TID 22560   ][ERROR     ] [EInvalidPointer] Invalid pointer operation [PathInfo "GET /api/dogs/Yb4lkSFx9"] (Custom message: "Global Action Exception Handler") [dmvcframework]
2023-03-02 11:02:27:724  [TID 23468   ][INFO      ] Default Logger initialized [dmvcframework]
2023-03-02 11:02:27:724  [TID 23468   ][INFO      ] ENTER: Config default values [dmvcframework]
2023-03-02 11:02:27:724  [TID 23468   ][INFO      ] EXIT: Config default values [dmvcframework]
2023-03-02 11:02:27:724  [TID 23468   ][INFO      ] >> Custom configuration method [dmvcframework]
2023-03-02 11:02:27:724  [TID 23468   ][INFO      ] << Custom configuration method [dmvcframework]
2023-03-02 11:02:27:732  [TID 23468   ][INFO      ] ENTER: LoadSystemControllers [dmvcframework]
2023-03-02 11:02:27:732  [TID 23468   ][INFO      ] EXIT: LoadSystemControllers [dmvcframework]
2023-03-02 11:03:03:122  [TID 23468   ][ERROR     ] [EInvalidPointer] Invalid pointer operation [PathInfo "GET /api/dogs/Yb4lkSFx9"] (Custom message: "Global Action Exception Handler") [dmvcframework]
2023-03-02 11:03:14:142  [TID 19148   ][INFO      ] Default Logger initialized [dmvcframework]
2023-03-02 11:03:14:152  [TID 19148   ][INFO      ] ENTER: Config default values [dmvcframework]
2023-03-02 11:03:14:152  [TID 19148   ][INFO      ] EXIT: Config default values [dmvcframework]
2023-03-02 11:03:14:152  [TID 19148   ][INFO      ] >> Custom configuration method [dmvcframework]
2023-03-02 11:03:14:152  [TID 19148   ][INFO      ] << Custom configuration method [dmvcframework]
2023-03-02 11:03:14:152  [TID 19148   ][INFO      ] ENTER: LoadSystemControllers [dmvcframework]
2023-03-02 11:03:14:152  [TID 19148   ][INFO      ] EXIT: LoadSystemControllers [dmvcframework]
2023-03-02 11:03:34:302  [TID 19148   ][ERROR     ] [EInvalidPointer] Invalid pointer operation [PathInfo "GET /api/dogs/Yb4lkSFx9"] (Custom message: "Global Action Exception Handler") [dmvcframework]
2023-03-02 11:03:58:395  [TID 25904   ][INFO      ] Default Logger initialized [dmvcframework]
2023-03-02 11:03:58:395  [TID 25904   ][INFO      ] ENTER: Config default values [dmvcframework]
2023-03-02 11:03:58:395  [TID 25904   ][INFO      ] EXIT: Config default values [dmvcframework]
2023-03-02 11:03:58:395  [TID 25904   ][INFO      ] >> Custom configuration method [dmvcframework]
2023-03-02 11:03:58:395  [TID 25904   ][INFO      ] << Custom configuration method [dmvcframework]
2023-03-02 11:03:58:395  [TID 25904   ][INFO      ] ENTER: LoadSystemControllers [dmvcframework]
2023-03-02 11:03:58:395  [TID 25904   ][INFO      ] EXIT: LoadSystemControllers [dmvcframework]
2023-03-02 11:05:34:223  [TID 25856   ][INFO      ] Default Logger initialized [dmvcframework]
2023-03-02 11:05:34:233  [TID 25856   ][INFO      ] ENTER: Config default values [dmvcframework]
2023-03-02 11:05:34:233  [TID 25856   ][INFO      ] EXIT: Config default values [dmvcframework]
2023-03-02 11:05:34:233  [TID 25856   ][INFO      ] >> Custom configuration method [dmvcframework]
2023-03-02 11:05:34:233  [TID 25856   ][INFO      ] << Custom configuration method [dmvcframework]
2023-03-02 11:05:34:233  [TID 25856   ][INFO      ] ENTER: LoadSystemControllers [dmvcframework]
2023-03-02 11:05:34:233  [TID 25856   ][INFO      ] EXIT: LoadSystemControllers [dmvcframework]
2023-03-02 11:05:36:541  [TID 25856   ][ERROR     ] [EInvalidPointer] Invalid pointer operation [PathInfo "GET /api/dogs/Yb4lkSFx9"] (Custom message: "Global Action Exception Handler") [dmvcframework]
2023-03-02 11:06:13:671  [TID 25856   ][ERROR     ] [EInvalidPointer] Invalid pointer operation [PathInfo "GET /api/dogs/Yb4lkSFx9"] (Custom message: "Global Action Exception Handler") [dmvcframework]
2023-03-02 11:06:41:721  [TID 34760   ][INFO      ] Default Logger initialized [dmvcframework]
2023-03-02 11:06:41:729  [TID 34760   ][INFO      ] ENTER: Config default values [dmvcframework]
2023-03-02 11:06:41:729  [TID 34760   ][INFO      ] EXIT: Config default values [dmvcframework]
2023-03-02 11:06:41:729  [TID 34760   ][INFO      ] >> Custom configuration method [dmvcframework]
2023-03-02 11:06:41:729  [TID 34760   ][INFO      ] << Custom configuration method [dmvcframework]
2023-03-02 11:06:41:729  [TID 34760   ][INFO      ] ENTER: LoadSystemControllers [dmvcframework]
2023-03-02 11:06:41:729  [TID 34760   ][INFO      ] EXIT: LoadSystemControllers [dmvcframework]
2023-03-02 11:06:44:026  [TID 34760   ][INFO      ] GET:/api/dogs/Yb4lkSFx9 [127.0.0.1] -> Dog.Controller.TDogs.getDog - 200 OK [dmvcframework]
2023-03-02 11:24:28:020  [TID 6316    ][INFO      ] Default Logger initialized [dmvcframework]
2023-03-02 11:24:28:031  [TID 6316    ][INFO      ] ENTER: Config default values [dmvcframework]
2023-03-02 11:24:28:031  [TID 6316    ][INFO      ] EXIT: Config default values [dmvcframework]
2023-03-02 11:24:28:031  [TID 6316    ][INFO      ] >> Custom configuration method [dmvcframework]
2023-03-02 11:24:28:031  [TID 6316    ][INFO      ] << Custom configuration method [dmvcframework]
2023-03-02 11:24:28:031  [TID 6316    ][INFO      ] ENTER: LoadSystemControllers [dmvcframework]
2023-03-02 11:24:28:031  [TID 6316    ][INFO      ] EXIT: LoadSystemControllers [dmvcframework]
2023-03-02 11:24:28:093  [TID 6316    ][INFO      ] GET:/api/dogs/Yb4lkSFx9 [127.0.0.1] -> Dog.Controller.TDogs.getDog - 200 OK [dmvcframework]
2023-03-02 11:24:43:083  [TID 6316    ][INFO      ] POST:/api/rate/Yb4lkSFx9 [127.0.0.1] -> {NOT FOUND} - 404 Not Found [dmvcframework]
2023-03-02 11:24:45:094  [TID 6316    ][ERROR     ] [EMVCException] Not Found [PathInfo "POST /api/rate/Yb4lkSFx9"] (Custom message: "POST /api/rate/Yb4lkSFx9") [dmvcframework]
2023-03-02 11:24:59:551  [TID 31732   ][INFO      ] POST:/api/dogs/rate/Yb4lkSFx9 [127.0.0.1] -> Dog.Controller.TDogs.RateDog - 200 OK [dmvcframework]
2023-03-02 11:25:20:333  [TID 31732   ][INFO      ] POST:/api/dogs/rate/Yb4lkSFx9 [127.0.0.1] -> Dog.Controller.TDogs.RateDog - 200 OK [dmvcframework]
2023-03-02 11:25:31:517  [TID 31732   ][INFO      ] POST:/api/dogs/rate/Yb4lkSFx9 [127.0.0.1] -> Dog.Controller.TDogs.RateDog - 200 OK [dmvcframework]
2023-03-02 11:25:37:170  [TID 34916   ][INFO      ] Default Logger initialized [dmvcframework]
2023-03-02 11:25:37:170  [TID 34916   ][INFO      ] ENTER: Config default values [dmvcframework]
2023-03-02 11:25:37:170  [TID 34916   ][INFO      ] EXIT: Config default values [dmvcframework]
2023-03-02 11:25:37:170  [TID 34916   ][INFO      ] >> Custom configuration method [dmvcframework]
2023-03-02 11:25:37:184  [TID 34916   ][INFO      ] << Custom configuration method [dmvcframework]
2023-03-02 11:25:37:184  [TID 34916   ][INFO      ] ENTER: LoadSystemControllers [dmvcframework]
2023-03-02 11:25:37:184  [TID 34916   ][INFO      ] EXIT: LoadSystemControllers [dmvcframework]
2023-03-02 11:25:39:119  [TID 34916   ][INFO      ] POST:/api/dogs/rate/Yb4lkSFx9 [127.0.0.1] -> Dog.Controller.TDogs.RateDog - 200 OK [dmvcframework]
2023-03-02 11:26:28:955  [TID 34916   ][INFO      ] POST:/api/dogs/rate/Yb4lkSFx9 [127.0.0.1] -> Dog.Controller.TDogs.RateDog - 200 OK [dmvcframework]
2023-03-02 11:26:34:531  [TID 32080   ][INFO      ] Default Logger initialized [dmvcframework]
2023-03-02 11:26:34:539  [TID 32080   ][INFO      ] ENTER: Config default values [dmvcframework]
2023-03-02 11:26:34:539  [TID 32080   ][INFO      ] EXIT: Config default values [dmvcframework]
2023-03-02 11:26:34:539  [TID 32080   ][INFO      ] >> Custom configuration method [dmvcframework]
2023-03-02 11:26:34:539  [TID 32080   ][INFO      ] << Custom configuration method [dmvcframework]
2023-03-02 11:26:34:540  [TID 32080   ][INFO      ] ENTER: LoadSystemControllers [dmvcframework]
2023-03-02 11:26:34:540  [TID 32080   ][INFO      ] EXIT: LoadSystemControllers [dmvcframework]
2023-03-02 11:26:46:840  [TID 32080   ][INFO      ] POST:/api/dogs/rate/Yb4lkSFx9 [127.0.0.1] -> Dog.Controller.TDogs.RateDog - 200 OK [dmvcframework]
2023-03-02 11:27:08:455  [TID 22980   ][INFO      ] Default Logger initialized [dmvcframework]
2023-03-02 11:27:08:464  [TID 22980   ][INFO      ] ENTER: Config default values [dmvcframework]
2023-03-02 11:27:08:464  [TID 22980   ][INFO      ] EXIT: Config default values [dmvcframework]
2023-03-02 11:27:08:464  [TID 22980   ][INFO      ] >> Custom configuration method [dmvcframework]
2023-03-02 11:27:08:464  [TID 22980   ][INFO      ] << Custom configuration method [dmvcframework]
2023-03-02 11:27:08:464  [TID 22980   ][INFO      ] ENTER: LoadSystemControllers [dmvcframework]
2023-03-02 11:27:08:464  [TID 22980   ][INFO      ] EXIT: LoadSystemControllers [dmvcframework]
2023-03-02 11:27:12:336  [TID 22980   ][ERROR     ] [EAccessViolation] Access violation at address 007998FB in module 'DogStandalone.exe'. Read of address 00000000 [PathInfo "POST /api/dogs/rate/Yb4lkSFx9"] (Custom message: "Global Action Exception Handler") [dmvcframework]
2023-03-02 11:27:38:377  [TID 14768   ][INFO      ] Default Logger initialized [dmvcframework]
2023-03-02 11:27:38:377  [TID 14768   ][INFO      ] ENTER: Config default values [dmvcframework]
2023-03-02 11:27:38:377  [TID 14768   ][INFO      ] EXIT: Config default values [dmvcframework]
2023-03-02 11:27:38:377  [TID 14768   ][INFO      ] >> Custom configuration method [dmvcframework]
2023-03-02 11:27:38:377  [TID 14768   ][INFO      ] << Custom configuration method [dmvcframework]
2023-03-02 11:27:38:387  [TID 14768   ][INFO      ] ENTER: LoadSystemControllers [dmvcframework]
2023-03-02 11:27:38:387  [TID 14768   ][INFO      ] EXIT: LoadSystemControllers [dmvcframework]
2023-03-02 11:27:41:144  [TID 14768   ][ERROR     ] [EAccessViolation] Access violation at address 007998FB in module 'DogStandalone.exe'. Read of address 00000000 [PathInfo "POST /api/dogs/rate/Yb4lkSFx9"] (Custom message: "Global Action Exception Handler") [dmvcframework]
2023-03-02 11:28:23:124  [TID 5408    ][INFO      ] Default Logger initialized [dmvcframework]
2023-03-02 11:28:23:124  [TID 5408    ][INFO      ] ENTER: Config default values [dmvcframework]
2023-03-02 11:28:23:124  [TID 5408    ][INFO      ] EXIT: Config default values [dmvcframework]
2023-03-02 11:28:23:124  [TID 5408    ][INFO      ] >> Custom configuration method [dmvcframework]
2023-03-02 11:28:23:124  [TID 5408    ][INFO      ] << Custom configuration method [dmvcframework]
2023-03-02 11:28:23:133  [TID 5408    ][INFO      ] ENTER: LoadSystemControllers [dmvcframework]
2023-03-02 11:28:23:133  [TID 5408    ][INFO      ] EXIT: LoadSystemControllers [dmvcframework]
2023-03-02 11:28:25:364  [TID 5408    ][ERROR     ] [EAccessViolation] Access violation at address 00B998FB in module 'DogStandalone.exe'. Read of address 00000000 [PathInfo "POST /api/dogs/rate/Yb4lkSFx9"] (Custom message: "Global Action Exception Handler") [dmvcframework]
2023-03-02 11:28:52:144  [TID 3376    ][INFO      ] Default Logger initialized [dmvcframework]
2023-03-02 11:28:52:144  [TID 3376    ][INFO      ] ENTER: Config default values [dmvcframework]
2023-03-02 11:28:52:144  [TID 3376    ][INFO      ] EXIT: Config default values [dmvcframework]
2023-03-02 11:28:52:144  [TID 3376    ][INFO      ] >> Custom configuration method [dmvcframework]
2023-03-02 11:28:52:144  [TID 3376    ][INFO      ] << Custom configuration method [dmvcframework]
2023-03-02 11:28:52:154  [TID 3376    ][INFO      ] ENTER: LoadSystemControllers [dmvcframework]
2023-03-02 11:28:52:154  [TID 3376    ][INFO      ] EXIT: LoadSystemControllers [dmvcframework]
2023-03-02 11:28:54:493  [TID 3376    ][ERROR     ] [EAccessViolation] Access violation at address 00B998FB in module 'DogStandalone.exe'. Read of address 00000000 [PathInfo "POST /api/dogs/rate/Yb4lkSFx9"] (Custom message: "Global Action Exception Handler") [dmvcframework]
2023-03-02 11:29:07:704  [TID 14976   ][INFO      ] Default Logger initialized [dmvcframework]
2023-03-02 11:29:07:715  [TID 14976   ][INFO      ] ENTER: Config default values [dmvcframework]
2023-03-02 11:29:07:715  [TID 14976   ][INFO      ] EXIT: Config default values [dmvcframework]
2023-03-02 11:29:07:715  [TID 14976   ][INFO      ] >> Custom configuration method [dmvcframework]
2023-03-02 11:29:07:715  [TID 14976   ][INFO      ] << Custom configuration method [dmvcframework]
2023-03-02 11:29:07:715  [TID 14976   ][INFO      ] ENTER: LoadSystemControllers [dmvcframework]
2023-03-02 11:29:07:715  [TID 14976   ][INFO      ] EXIT: LoadSystemControllers [dmvcframework]
2023-03-02 11:29:09:709  [TID 14976   ][ERROR     ] [EAccessViolation] Access violation at address 00B998FB in module 'DogStandalone.exe'. Read of address 00000000 [PathInfo "POST /api/dogs/rate/Yb4lkSFx9"] (Custom message: "Global Action Exception Handler") [dmvcframework]
2023-03-02 11:29:35:438  [TID 7280    ][INFO      ] Default Logger initialized [dmvcframework]
2023-03-02 11:29:35:447  [TID 7280    ][INFO      ] ENTER: Config default values [dmvcframework]
2023-03-02 11:29:35:447  [TID 7280    ][INFO      ] EXIT: Config default values [dmvcframework]
2023-03-02 11:29:35:447  [TID 7280    ][INFO      ] >> Custom configuration method [dmvcframework]
2023-03-02 11:29:35:447  [TID 7280    ][INFO      ] << Custom configuration method [dmvcframework]
2023-03-02 11:29:35:447  [TID 7280    ][INFO      ] ENTER: LoadSystemControllers [dmvcframework]
2023-03-02 11:29:35:447  [TID 7280    ][INFO      ] EXIT: LoadSystemControllers [dmvcframework]
2023-03-02 11:29:37:646  [TID 7280    ][ERROR     ] [EAccessViolation] Access violation at address 00B998FB in module 'DogStandalone.exe'. Read of address 00000000 [PathInfo "POST /api/dogs/rate/Yb4lkSFx9"] (Custom message: "Global Action Exception Handler") [dmvcframework]
2023-03-02 11:30:04:118  [TID 7280    ][ERROR     ] [EAccessViolation] Access violation at address 00B998FB in module 'DogStandalone.exe'. Read of address 00000000 [PathInfo "POST /api/dogs/rate/Yb4lkSFx9"] (Custom message: "Global Action Exception Handler") [dmvcframework]
2023-03-02 11:30:27:059  [TID 28868   ][INFO      ] Default Logger initialized [dmvcframework]
2023-03-02 11:30:27:059  [TID 28868   ][INFO      ] ENTER: Config default values [dmvcframework]
2023-03-02 11:30:27:059  [TID 28868   ][INFO      ] EXIT: Config default values [dmvcframework]
2023-03-02 11:30:27:059  [TID 28868   ][INFO      ] >> Custom configuration method [dmvcframework]
2023-03-02 11:30:27:059  [TID 28868   ][INFO      ] << Custom configuration method [dmvcframework]
2023-03-02 11:30:27:069  [TID 28868   ][INFO      ] ENTER: LoadSystemControllers [dmvcframework]
2023-03-02 11:30:27:069  [TID 28868   ][INFO      ] EXIT: LoadSystemControllers [dmvcframework]
2023-03-02 11:30:32:636  [TID 28868   ][ERROR     ] [EAccessViolation] Access violation at address 000898FB in module 'DogStandalone.exe'. Read of address 00000000 [PathInfo "POST /api/dogs/rate/Yb4lkSFx9"] (Custom message: "Global Action Exception Handler") [dmvcframework]
2023-03-02 11:30:58:695  [TID 21584   ][INFO      ] Default Logger initialized [dmvcframework]
2023-03-02 11:30:58:707  [TID 21584   ][INFO      ] ENTER: Config default values [dmvcframework]
2023-03-02 11:30:58:707  [TID 21584   ][INFO      ] EXIT: Config default values [dmvcframework]
2023-03-02 11:30:58:707  [TID 21584   ][INFO      ] >> Custom configuration method [dmvcframework]
2023-03-02 11:30:58:707  [TID 21584   ][INFO      ] << Custom configuration method [dmvcframework]
2023-03-02 11:30:58:707  [TID 21584   ][INFO      ] ENTER: LoadSystemControllers [dmvcframework]
2023-03-02 11:30:58:707  [TID 21584   ][INFO      ] EXIT: LoadSystemControllers [dmvcframework]
2023-03-02 11:31:15:097  [TID 21584   ][ERROR     ] [EAccessViolation] Access violation at address 000898FB in module 'DogStandalone.exe'. Read of address 00000000 [PathInfo "POST /api/dogs/rate/Yb4lkSFx9"] (Custom message: "Global Action Exception Handler") [dmvcframework]
2023-03-02 11:31:50:564  [TID 17960   ][INFO      ] Default Logger initialized [dmvcframework]
2023-03-02 11:31:50:564  [TID 17960   ][INFO      ] ENTER: Config default values [dmvcframework]
2023-03-02 11:31:50:564  [TID 17960   ][INFO      ] EXIT: Config default values [dmvcframework]
2023-03-02 11:31:50:564  [TID 17960   ][INFO      ] >> Custom configuration method [dmvcframework]
2023-03-02 11:31:50:564  [TID 17960   ][INFO      ] << Custom configuration method [dmvcframework]
2023-03-02 11:31:50:574  [TID 17960   ][INFO      ] ENTER: LoadSystemControllers [dmvcframework]
2023-03-02 11:31:50:574  [TID 17960   ][INFO      ] EXIT: LoadSystemControllers [dmvcframework]
2023-03-02 11:31:52:890  [TID 17960   ][ERROR     ] [EAccessViolation] Access violation at address 00F798FB in module 'DogStandalone.exe'. Read of address 00000000 [PathInfo "POST /api/dogs/rate/Yb4lkSFx9"] (Custom message: "Global Action Exception Handler") [dmvcframework]
2023-03-02 11:32:07:327  [TID 7000    ][INFO      ] Default Logger initialized [dmvcframework]
2023-03-02 11:32:07:338  [TID 7000    ][INFO      ] ENTER: Config default values [dmvcframework]
2023-03-02 11:32:07:338  [TID 7000    ][INFO      ] EXIT: Config default values [dmvcframework]
2023-03-02 11:32:07:338  [TID 7000    ][INFO      ] >> Custom configuration method [dmvcframework]
2023-03-02 11:32:07:338  [TID 7000    ][INFO      ] << Custom configuration method [dmvcframework]
2023-03-02 11:32:07:338  [TID 7000    ][INFO      ] ENTER: LoadSystemControllers [dmvcframework]
2023-03-02 11:32:07:338  [TID 7000    ][INFO      ] EXIT: LoadSystemControllers [dmvcframework]
2023-03-02 11:32:09:546  [TID 7000    ][ERROR     ] [EAccessViolation] Access violation at address 006D98FB in module 'DogStandalone.exe'. Read of address 00000000 [PathInfo "POST /api/dogs/rate/Yb4lkSFx9"] (Custom message: "Global Action Exception Handler") [dmvcframework]
2023-03-02 11:32:49:545  [TID 24936   ][INFO      ] Default Logger initialized [dmvcframework]
2023-03-02 11:32:49:545  [TID 24936   ][INFO      ] ENTER: Config default values [dmvcframework]
2023-03-02 11:32:49:553  [TID 24936   ][INFO      ] EXIT: Config default values [dmvcframework]
2023-03-02 11:32:49:553  [TID 24936   ][INFO      ] >> Custom configuration method [dmvcframework]
2023-03-02 11:32:49:553  [TID 24936   ][INFO      ] << Custom configuration method [dmvcframework]
2023-03-02 11:32:49:553  [TID 24936   ][INFO      ] ENTER: LoadSystemControllers [dmvcframework]
2023-03-02 11:32:49:553  [TID 24936   ][INFO      ] EXIT: LoadSystemControllers [dmvcframework]
2023-03-02 11:32:58:546  [TID 24936   ][INFO      ] POST:/api/dogs/rate/Yb4lkSFx9 [127.0.0.1] -> Dog.Controller.TDogs.RateDog - 200 OK [dmvcframework]
2023-03-02 11:34:19:669  [TID 7088    ][INFO      ] Default Logger initialized [dmvcframework]
2023-03-02 11:34:19:678  [TID 7088    ][INFO      ] ENTER: Config default values [dmvcframework]
2023-03-02 11:34:19:678  [TID 7088    ][INFO      ] EXIT: Config default values [dmvcframework]
2023-03-02 11:34:19:678  [TID 7088    ][INFO      ] >> Custom configuration method [dmvcframework]
2023-03-02 11:34:19:678  [TID 7088    ][INFO      ] << Custom configuration method [dmvcframework]
2023-03-02 11:34:19:678  [TID 7088    ][INFO      ] ENTER: LoadSystemControllers [dmvcframework]
2023-03-02 11:34:19:678  [TID 7088    ][INFO      ] EXIT: LoadSystemControllers [dmvcframework]
2023-03-02 11:34:23:530  [TID 7088    ][INFO      ] POST:/api/dogs/rate/Yb4lkSFx9 [127.0.0.1] -> Dog.Controller.TDogs.RateDog - 200 OK [dmvcframework]
2023-03-02 11:34:34:305  [TID 17588   ][INFO      ] Default Logger initialized [dmvcframework]
2023-03-02 11:34:34:322  [TID 17588   ][INFO      ] ENTER: Config default values [dmvcframework]
2023-03-02 11:34:34:322  [TID 17588   ][INFO      ] EXIT: Config default values [dmvcframework]
2023-03-02 11:34:34:322  [TID 17588   ][INFO      ] >> Custom configuration method [dmvcframework]
2023-03-02 11:34:34:322  [TID 17588   ][INFO      ] << Custom configuration method [dmvcframework]
2023-03-02 11:34:34:322  [TID 17588   ][INFO      ] ENTER: LoadSystemControllers [dmvcframework]
2023-03-02 11:34:34:322  [TID 17588   ][INFO      ] EXIT: LoadSystemControllers [dmvcframework]
2023-03-02 11:34:56:110  [TID 17588   ][INFO      ] POST:/api/dogs/rate/Yb4lkSFx9 [127.0.0.1] -> Dog.Controller.TDogs.RateDog - 200 OK [dmvcframework]
2023-03-02 11:35:58:952  [TID 17588   ][INFO      ] POST:/api/dogs/rate/Yb4lkSFx9 [127.0.0.1] -> Dog.Controller.TDogs.RateDog - 200 OK [dmvcframework]
2023-03-02 11:36:37:593  [TID 17588   ][INFO      ] POST:/api/dogs/rate/Yb4lkSFx9 [127.0.0.1] -> Dog.Controller.TDogs.RateDog - 200 OK [dmvcframework]
2023-03-02 11:37:20:505  [TID 17588   ][INFO      ] POST:/api/dogs/rate/Yb4lkSFx9 [127.0.0.1] -> Dog.Controller.TDogs.RateDog - 200 OK [dmvcframework]
2023-03-02 11:39:09:043  [TID 15936   ][INFO      ] Default Logger initialized [dmvcframework]
2023-03-02 11:39:09:053  [TID 15936   ][INFO      ] ENTER: Config default values [dmvcframework]
2023-03-02 11:39:09:053  [TID 15936   ][INFO      ] EXIT: Config default values [dmvcframework]
2023-03-02 11:39:09:053  [TID 15936   ][INFO      ] >> Custom configuration method [dmvcframework]
2023-03-02 11:39:09:053  [TID 15936   ][INFO      ] << Custom configuration method [dmvcframework]
2023-03-02 11:39:09:053  [TID 15936   ][INFO      ] ENTER: LoadSystemControllers [dmvcframework]
2023-03-02 11:39:09:053  [TID 15936   ][INFO      ] EXIT: LoadSystemControllers [dmvcframework]
2023-03-02 11:39:52:795  [TID 15936   ][INFO      ] POST:/api/dogs/rate/Yb4lkSFx9 [127.0.0.1] -> Dog.Controller.TDogs.RateDog - 200 OK [dmvcframework]
2023-03-02 11:40:18:626  [TID 26268   ][INFO      ] Default Logger initialized [dmvcframework]
2023-03-02 11:40:18:637  [TID 26268   ][INFO      ] ENTER: Config default values [dmvcframework]
2023-03-02 11:40:18:637  [TID 26268   ][INFO      ] EXIT: Config default values [dmvcframework]
2023-03-02 11:40:18:637  [TID 26268   ][INFO      ] >> Custom configuration method [dmvcframework]
2023-03-02 11:40:18:637  [TID 26268   ][INFO      ] << Custom configuration method [dmvcframework]
2023-03-02 11:40:18:637  [TID 26268   ][INFO      ] ENTER: LoadSystemControllers [dmvcframework]
2023-03-02 11:40:18:637  [TID 26268   ][INFO      ] EXIT: LoadSystemControllers [dmvcframework]
2023-03-02 11:40:29:194  [TID 26268   ][INFO      ] POST:/api/dogs/rate/Yb4lkSFx9 [127.0.0.1] -> Dog.Controller.TDogs.RateDog - 200 OK [dmvcframework]
2023-03-02 11:44:12:240  [TID 8572    ][INFO      ] Default Logger initialized [dmvcframework]
2023-03-02 11:44:12:250  [TID 8572    ][INFO      ] ENTER: Config default values [dmvcframework]
2023-03-02 11:44:12:250  [TID 8572    ][INFO      ] EXIT: Config default values [dmvcframework]
2023-03-02 11:44:12:250  [TID 8572    ][INFO      ] >> Custom configuration method [dmvcframework]
2023-03-02 11:44:12:250  [TID 8572    ][INFO      ] << Custom configuration method [dmvcframework]
2023-03-02 11:44:12:250  [TID 8572    ][INFO      ] ENTER: LoadSystemControllers [dmvcframework]
2023-03-02 11:44:12:250  [TID 8572    ][INFO      ] EXIT: LoadSystemControllers [dmvcframework]
2023-03-02 11:44:38:947  [TID 8572    ][INFO      ] POST:/api/dogs/rate/Yb4lkSFx9 [127.0.0.1] -> Dog.Controller.TDogs.RateDog - 200 OK [dmvcframework]
2023-03-02 11:47:46:107  [TID 36100   ][INFO      ] Default Logger initialized [dmvcframework]
2023-03-02 11:47:46:117  [TID 36100   ][INFO      ] ENTER: Config default values [dmvcframework]
2023-03-02 11:47:46:117  [TID 36100   ][INFO      ] EXIT: Config default values [dmvcframework]
2023-03-02 11:47:46:117  [TID 36100   ][INFO      ] >> Custom configuration method [dmvcframework]
2023-03-02 11:47:46:117  [TID 36100   ][INFO      ] << Custom configuration method [dmvcframework]
2023-03-02 11:47:46:117  [TID 36100   ][INFO      ] ENTER: LoadSystemControllers [dmvcframework]
2023-03-02 11:47:46:117  [TID 36100   ][INFO      ] EXIT: LoadSystemControllers [dmvcframework]
2023-03-02 11:49:57:326  [TID 23388   ][INFO      ] Default Logger initialized [dmvcframework]
2023-03-02 11:49:57:336  [TID 23388   ][INFO      ] ENTER: Config default values [dmvcframework]
2023-03-02 11:49:57:336  [TID 23388   ][INFO      ] EXIT: Config default values [dmvcframework]
2023-03-02 11:49:57:336  [TID 23388   ][INFO      ] >> Custom configuration method [dmvcframework]
2023-03-02 11:49:57:336  [TID 23388   ][INFO      ] << Custom configuration method [dmvcframework]
2023-03-02 11:49:57:336  [TID 23388   ][INFO      ] ENTER: LoadSystemControllers [dmvcframework]
2023-03-02 11:49:57:336  [TID 23388   ][INFO      ] EXIT: LoadSystemControllers [dmvcframework]
2023-03-02 11:50:16:203  [TID 23388   ][INFO      ] POST:/api/dogs/rate/Yb4lkSFx9 [127.0.0.1] -> Dog.Controller.TDogs.RateDog - 200 OK [dmvcframework]
2023-03-02 11:51:54:271  [TID 2236    ][INFO      ] Default Logger initialized [dmvcframework]
2023-03-02 11:51:54:282  [TID 2236    ][INFO      ] ENTER: Config default values [dmvcframework]
2023-03-02 11:51:54:282  [TID 2236    ][INFO      ] EXIT: Config default values [dmvcframework]
2023-03-02 11:51:54:282  [TID 2236    ][INFO      ] >> Custom configuration method [dmvcframework]
2023-03-02 11:51:54:282  [TID 2236    ][INFO      ] << Custom configuration method [dmvcframework]
2023-03-02 11:51:54:283  [TID 2236    ][INFO      ] ENTER: LoadSystemControllers [dmvcframework]
2023-03-02 11:51:54:283  [TID 2236    ][INFO      ] EXIT: LoadSystemControllers [dmvcframework]
2023-03-02 11:52:01:689  [TID 2236    ][INFO      ] POST:/api/dogs/rate/Yb4lkSFx9 [127.0.0.1] -> Dog.Controller.TDogs.RateDog - 200 OK [dmvcframework]
2023-03-02 11:52:10:332  [TID 19404   ][INFO      ] Default Logger initialized [dmvcframework]
2023-03-02 11:52:10:341  [TID 19404   ][INFO      ] ENTER: Config default values [dmvcframework]
2023-03-02 11:52:10:341  [TID 19404   ][INFO      ] EXIT: Config default values [dmvcframework]
2023-03-02 11:52:10:341  [TID 19404   ][INFO      ] >> Custom configuration method [dmvcframework]
2023-03-02 11:52:10:341  [TID 19404   ][INFO      ] << Custom configuration method [dmvcframework]
2023-03-02 11:52:10:341  [TID 19404   ][INFO      ] ENTER: LoadSystemControllers [dmvcframework]
2023-03-02 11:52:10:341  [TID 19404   ][INFO      ] EXIT: LoadSystemControllers [dmvcframework]
2023-03-02 11:52:14:035  [TID 19404   ][INFO      ] POST:/api/dogs/rate/Yb4lkSFx9 [127.0.0.1] -> Dog.Controller.TDogs.RateDog - 200 OK [dmvcframework]
2023-03-02 11:53:04:961  [TID 13700   ][INFO      ] Default Logger initialized [dmvcframework]
2023-03-02 11:53:04:961  [TID 13700   ][INFO      ] ENTER: Config default values [dmvcframework]
2023-03-02 11:53:04:961  [TID 13700   ][INFO      ] EXIT: Config default values [dmvcframework]
2023-03-02 11:53:04:961  [TID 13700   ][INFO      ] >> Custom configuration method [dmvcframework]
2023-03-02 11:53:04:961  [TID 13700   ][INFO      ] << Custom configuration method [dmvcframework]
2023-03-02 11:53:04:971  [TID 13700   ][INFO      ] ENTER: LoadSystemControllers [dmvcframework]
2023-03-02 11:53:04:971  [TID 13700   ][INFO      ] EXIT: LoadSystemControllers [dmvcframework]
2023-03-02 11:53:48:163  [TID 7000    ][INFO      ] Default Logger initialized [dmvcframework]
2023-03-02 11:53:48:163  [TID 7000    ][INFO      ] ENTER: Config default values [dmvcframework]
2023-03-02 11:53:48:163  [TID 7000    ][INFO      ] EXIT: Config default values [dmvcframework]
2023-03-02 11:53:48:163  [TID 7000    ][INFO      ] >> Custom configuration method [dmvcframework]
2023-03-02 11:53:48:163  [TID 7000    ][INFO      ] << Custom configuration method [dmvcframework]
2023-03-02 11:53:48:163  [TID 7000    ][INFO      ] ENTER: LoadSystemControllers [dmvcframework]
2023-03-02 11:53:48:163  [TID 7000    ][INFO      ] EXIT: LoadSystemControllers [dmvcframework]
2023-03-02 11:54:25:443  [TID 7000    ][INFO      ] POST:/api/dogs/rate/Yb4lkSFx9 [127.0.0.1] -> Dog.Controller.TDogs.RateDog - 200 OK [dmvcframework]
2023-03-02 11:54:41:519  [TID 19256   ][INFO      ] Default Logger initialized [dmvcframework]
2023-03-02 11:54:41:528  [TID 19256   ][INFO      ] ENTER: Config default values [dmvcframework]
2023-03-02 11:54:41:528  [TID 19256   ][INFO      ] EXIT: Config default values [dmvcframework]
2023-03-02 11:54:41:528  [TID 19256   ][INFO      ] >> Custom configuration method [dmvcframework]
2023-03-02 11:54:41:528  [TID 19256   ][INFO      ] << Custom configuration method [dmvcframework]
2023-03-02 11:54:41:528  [TID 19256   ][INFO      ] ENTER: LoadSystemControllers [dmvcframework]
2023-03-02 11:54:41:528  [TID 19256   ][INFO      ] EXIT: LoadSystemControllers [dmvcframework]
2023-03-02 11:54:56:228  [TID 19256   ][INFO      ] POST:/api/dogs/rate/Yb4lkSFx9 [127.0.0.1] -> Dog.Controller.TDogs.RateDog - 200 OK [dmvcframework]
2023-03-02 11:59:23:663  [TID 30628   ][INFO      ] Default Logger initialized [dmvcframework]
2023-03-02 11:59:23:673  [TID 30628   ][INFO      ] ENTER: Config default values [dmvcframework]
2023-03-02 11:59:23:673  [TID 30628   ][INFO      ] EXIT: Config default values [dmvcframework]
2023-03-02 11:59:23:673  [TID 30628   ][INFO      ] >> Custom configuration method [dmvcframework]
2023-03-02 11:59:23:673  [TID 30628   ][INFO      ] << Custom configuration method [dmvcframework]
2023-03-02 11:59:23:673  [TID 30628   ][INFO      ] ENTER: LoadSystemControllers [dmvcframework]
2023-03-02 11:59:23:673  [TID 30628   ][INFO      ] EXIT: LoadSystemControllers [dmvcframework]
2023-03-02 11:59:46:900  [TID 30628   ][INFO      ] POST:/api/dogs/rate/Yb4lkSFx9 [127.0.0.1] -> Dog.Controller.TDogs.RateDog - 200 OK [dmvcframework]
2023-03-02 12:01:05:898  [TID 24780   ][INFO      ] Default Logger initialized [dmvcframework]
2023-03-02 12:01:05:909  [TID 24780   ][INFO      ] ENTER: Config default values [dmvcframework]
2023-03-02 12:01:05:909  [TID 24780   ][INFO      ] EXIT: Config default values [dmvcframework]
2023-03-02 12:01:05:909  [TID 24780   ][INFO      ] >> Custom configuration method [dmvcframework]
2023-03-02 12:01:05:909  [TID 24780   ][INFO      ] << Custom configuration method [dmvcframework]
2023-03-02 12:01:05:909  [TID 24780   ][INFO      ] ENTER: LoadSystemControllers [dmvcframework]
2023-03-02 12:01:05:909  [TID 24780   ][INFO      ] EXIT: LoadSystemControllers [dmvcframework]
2023-03-02 12:01:05:982  [TID 24780   ][INFO      ] POST:/api/dogs/rate/Yb4lkSFx9 [127.0.0.1] -> Dog.Controller.TDogs.RateDog - 200 OK [dmvcframework]
2023-03-02 12:01:12:429  [TID 24780   ][INFO      ] POST:/api/dogs/rate/Yb4lkSFx9 [127.0.0.1] -> Dog.Controller.TDogs.RateDog - 200 OK [dmvcframework]
2023-03-02 12:01:13:608  [TID 24780   ][INFO      ] POST:/api/dogs/rate/Yb4lkSFx9 [127.0.0.1] -> Dog.Controller.TDogs.RateDog - 200 OK [dmvcframework]
2023-03-02 12:01:14:192  [TID 24780   ][INFO      ] POST:/api/dogs/rate/Yb4lkSFx9 [127.0.0.1] -> Dog.Controller.TDogs.RateDog - 200 OK [dmvcframework]
2023-03-02 12:01:17:041  [TID 24780   ][INFO      ] POST:/api/dogs/rate/Yb4lkSFx9 [127.0.0.1] -> Dog.Controller.TDogs.RateDog - 200 OK [dmvcframework]
2023-03-02 12:01:24:071  [TID 24780   ][INFO      ] POST:/api/dogs/rate/Yb4lkSFx9 [127.0.0.1] -> Dog.Controller.TDogs.RateDog - 200 OK [dmvcframework]
2023-03-02 12:01:28:682  [TID 24780   ][INFO      ] POST:/api/dogs/rate/Yb4lkSFx9 [127.0.0.1] -> Dog.Controller.TDogs.RateDog - 200 OK [dmvcframework]
2023-03-02 12:01:31:734  [TID 24780   ][INFO      ] POST:/api/dogs/rate/Yb4lkSFx9 [127.0.0.1] -> Dog.Controller.TDogs.RateDog - 200 OK [dmvcframework]
2023-03-02 12:01:32:418  [TID 24780   ][INFO      ] POST:/api/dogs/rate/Yb4lkSFx9 [127.0.0.1] -> Dog.Controller.TDogs.RateDog - 200 OK [dmvcframework]
2023-03-02 12:01:32:946  [TID 24780   ][INFO      ] POST:/api/dogs/rate/Yb4lkSFx9 [127.0.0.1] -> Dog.Controller.TDogs.RateDog - 200 OK [dmvcframework]
2023-03-02 12:01:33:495  [TID 24780   ][INFO      ] POST:/api/dogs/rate/Yb4lkSFx9 [127.0.0.1] -> Dog.Controller.TDogs.RateDog - 200 OK [dmvcframework]
2023-03-02 12:01:34:035  [TID 24780   ][INFO      ] POST:/api/dogs/rate/Yb4lkSFx9 [127.0.0.1] -> Dog.Controller.TDogs.RateDog - 200 OK [dmvcframework]
2023-03-02 12:01:34:617  [TID 24780   ][INFO      ] POST:/api/dogs/rate/Yb4lkSFx9 [127.0.0.1] -> Dog.Controller.TDogs.RateDog - 200 OK [dmvcframework]
2023-03-02 12:01:34:792  [TID 24780   ][INFO      ] POST:/api/dogs/rate/Yb4lkSFx9 [127.0.0.1] -> Dog.Controller.TDogs.RateDog - 200 OK [dmvcframework]
2023-03-02 12:01:34:963  [TID 24780   ][INFO      ] POST:/api/dogs/rate/Yb4lkSFx9 [127.0.0.1] -> Dog.Controller.TDogs.RateDog - 200 OK [dmvcframework]
2023-03-02 12:01:35:134  [TID 24780   ][INFO      ] POST:/api/dogs/rate/Yb4lkSFx9 [127.0.0.1] -> Dog.Controller.TDogs.RateDog - 200 OK [dmvcframework]
2023-03-02 12:02:13:325  [TID 21872   ][INFO      ] Default Logger initialized [dmvcframework]
2023-03-02 12:02:13:325  [TID 21872   ][INFO      ] ENTER: Config default values [dmvcframework]
2023-03-02 12:02:13:325  [TID 21872   ][INFO      ] EXIT: Config default values [dmvcframework]
2023-03-02 12:02:13:325  [TID 21872   ][INFO      ] >> Custom configuration method [dmvcframework]
2023-03-02 12:02:13:325  [TID 21872   ][INFO      ] << Custom configuration method [dmvcframework]
2023-03-02 12:02:13:341  [TID 21872   ][INFO      ] ENTER: LoadSystemControllers [dmvcframework]
2023-03-02 12:02:13:341  [TID 21872   ][INFO      ] EXIT: LoadSystemControllers [dmvcframework]
2023-03-02 12:02:17:482  [TID 21872   ][INFO      ] POST:/api/dogs/rate/Yb4lkSFx9 [127.0.0.1] -> Dog.Controller.TDogs.RateDog - 200 OK [dmvcframework]
2023-03-02 12:02:33:301  [TID 11388   ][INFO      ] Default Logger initialized [dmvcframework]
2023-03-02 12:02:33:309  [TID 11388   ][INFO      ] ENTER: Config default values [dmvcframework]
2023-03-02 12:02:33:309  [TID 11388   ][INFO      ] EXIT: Config default values [dmvcframework]
2023-03-02 12:02:33:309  [TID 11388   ][INFO      ] >> Custom configuration method [dmvcframework]
2023-03-02 12:02:33:309  [TID 11388   ][INFO      ] << Custom configuration method [dmvcframework]
2023-03-02 12:02:33:309  [TID 11388   ][INFO      ] ENTER: LoadSystemControllers [dmvcframework]
2023-03-02 12:02:33:309  [TID 11388   ][INFO      ] EXIT: LoadSystemControllers [dmvcframework]
2023-03-02 12:02:33:378  [TID 11388   ][INFO      ] POST:/api/dogs/rate/Yb4lkSFx9 [127.0.0.1] -> Dog.Controller.TDogs.RateDog - 200 OK [dmvcframework]
2023-03-02 13:54:46:048  [TID 6316    ][INFO      ] POST:/api/dogs/rate/Yb4lkSFx9 [127.0.0.1] -> Dog.Controller.TDogs.RateDog - 200 OK [dmvcframework]
2023-03-02 13:54:46:626  [TID 6316    ][INFO      ] POST:/api/dogs/rate/Yb4lkSFx9 [127.0.0.1] -> Dog.Controller.TDogs.RateDog - 200 OK [dmvcframework]
2023-03-02 13:54:49:567  [TID 6316    ][INFO      ] POST:/api/dogs/rate/Yb4lkSFx9 [127.0.0.1] -> Dog.Controller.TDogs.RateDog - 200 OK [dmvcframework]
2023-03-02 13:54:50:991  [TID 6316    ][INFO      ] POST:/api/dogs/rate/Yb4lkSFx9 [127.0.0.1] -> Dog.Controller.TDogs.RateDog - 200 OK [dmvcframework]
2023-03-02 13:54:51:571  [TID 6316    ][INFO      ] POST:/api/dogs/rate/Yb4lkSFx9 [127.0.0.1] -> Dog.Controller.TDogs.RateDog - 200 OK [dmvcframework]
2023-03-02 13:54:51:772  [TID 6316    ][INFO      ] POST:/api/dogs/rate/Yb4lkSFx9 [127.0.0.1] -> Dog.Controller.TDogs.RateDog - 200 OK [dmvcframework]
2023-03-02 13:54:52:134  [TID 6316    ][INFO      ] POST:/api/dogs/rate/Yb4lkSFx9 [127.0.0.1] -> Dog.Controller.TDogs.RateDog - 200 OK [dmvcframework]
2023-03-02 13:54:56:816  [TID 6316    ][INFO      ] POST:/api/dogs/rate/Yb4lkSFx9 [127.0.0.1] -> Dog.Controller.TDogs.RateDog - 200 OK [dmvcframework]
2023-03-02 13:55:05:696  [TID 13740   ][INFO      ] Default Logger initialized [dmvcframework]
2023-03-02 13:55:05:696  [TID 13740   ][INFO      ] ENTER: Config default values [dmvcframework]
2023-03-02 13:55:05:696  [TID 13740   ][INFO      ] EXIT: Config default values [dmvcframework]
2023-03-02 13:55:05:696  [TID 13740   ][INFO      ] >> Custom configuration method [dmvcframework]
2023-03-02 13:55:05:696  [TID 13740   ][INFO      ] << Custom configuration method [dmvcframework]
2023-03-02 13:55:05:696  [TID 13740   ][INFO      ] ENTER: LoadSystemControllers [dmvcframework]
2023-03-02 13:55:05:696  [TID 13740   ][INFO      ] EXIT: LoadSystemControllers [dmvcframework]
2023-03-02 13:55:05:723  [TID 13740   ][INFO      ] POST:/api/dogs/rate/Yb4lkSFx9 [127.0.0.1] -> Dog.Controller.TDogs.RateDog - 200 OK [dmvcframework]
2023-03-02 13:55:06:592  [TID 13740   ][INFO      ] POST:/api/dogs/rate/Yb4lkSFx9 [127.0.0.1] -> Dog.Controller.TDogs.RateDog - 200 OK [dmvcframework]
2023-03-02 13:55:12:877  [TID 13740   ][INFO      ] POST:/api/dogs/rate/Yb4lkSFx9 [127.0.0.1] -> Dog.Controller.TDogs.RateDog - 200 OK [dmvcframework]
2023-03-02 13:55:17:019  [TID 13740   ][INFO      ] POST:/api/dogs/rate/Yb4lkSFx9 [127.0.0.1] -> Dog.Controller.TDogs.RateDog - 200 OK [dmvcframework]
2023-03-02 13:58:15:773  [TID 1060    ][INFO      ] GET:/api/dogs/ [127.0.0.1] -> Dog.Controller.TDogs.getDog - 404 Not Found [dmvcframework]
2023-03-02 13:58:18:208  [TID 29332   ][INFO      ] GET:/api/dogs [127.0.0.1] -> Dog.Controller.TDogs.GetDogs - 201 Created [dmvcframework]
2023-03-02 13:58:23:292  [TID 29332   ][INFO      ] POST:/api/dogs/rate/Tu1CbaVud [127.0.0.1] -> Dog.Controller.TDogs.RateDog - 200 OK [dmvcframework]
2023-03-02 13:58:24:102  [TID 29332   ][INFO      ] POST:/api/dogs/rate/Tu1CbaVud [127.0.0.1] -> Dog.Controller.TDogs.RateDog - 200 OK [dmvcframework]
2023-03-02 13:58:24:676  [TID 29332   ][INFO      ] POST:/api/dogs/rate/Tu1CbaVud [127.0.0.1] -> Dog.Controller.TDogs.RateDog - 200 OK [dmvcframework]
2023-03-02 13:58:25:208  [TID 29332   ][INFO      ] POST:/api/dogs/rate/Tu1CbaVud [127.0.0.1] -> Dog.Controller.TDogs.RateDog - 200 OK [dmvcframework]
2023-03-02 13:58:25:900  [TID 29332   ][INFO      ] POST:/api/dogs/rate/Tu1CbaVud [127.0.0.1] -> Dog.Controller.TDogs.RateDog - 200 OK [dmvcframework]
2023-03-02 13:58:26:414  [TID 29332   ][INFO      ] POST:/api/dogs/rate/Tu1CbaVud [127.0.0.1] -> Dog.Controller.TDogs.RateDog - 200 OK [dmvcframework]
2023-03-02 13:58:26:877  [TID 29332   ][INFO      ] POST:/api/dogs/rate/Tu1CbaVud [127.0.0.1] -> Dog.Controller.TDogs.RateDog - 200 OK [dmvcframework]
2023-03-02 13:58:27:471  [TID 29332   ][INFO      ] POST:/api/dogs/rate/Tu1CbaVud [127.0.0.1] -> Dog.Controller.TDogs.RateDog - 200 OK [dmvcframework]
2023-03-02 13:58:28:135  [TID 29332   ][INFO      ] POST:/api/dogs/rate/Tu1CbaVud [127.0.0.1] -> Dog.Controller.TDogs.RateDog - 200 OK [dmvcframework]
2023-03-02 13:58:32:500  [TID 29332   ][INFO      ] POST:/api/dogs/rate/Tu1CbaVud [127.0.0.1] -> Dog.Controller.TDogs.RateDog - 200 OK [dmvcframework]
2023-03-02 13:59:11:227  [TID 29332   ][INFO      ] GET:/api/dogs/Tu1CbaVud [127.0.0.1] -> Dog.Controller.TDogs.getDog - 200 OK [dmvcframework]
2023-03-02 13:59:12:234  [TID 29332   ][INFO      ] GET:/api/dogs/Tu1CbaVud [127.0.0.1] -> Dog.Controller.TDogs.getDog - 200 OK [dmvcframework]
2023-03-02 13:59:12:709  [TID 29332   ][INFO      ] GET:/api/dogs/Tu1CbaVud [127.0.0.1] -> Dog.Controller.TDogs.getDog - 200 OK [dmvcframework]
2023-03-02 13:59:12:883  [TID 29332   ][INFO      ] GET:/api/dogs/Tu1CbaVud [127.0.0.1] -> Dog.Controller.TDogs.getDog - 200 OK [dmvcframework]
